<?xml version="1.0" encoding="UTF-8"?>
<!-- Generated by org.testng.reporters.JUnitReportReporter -->
<testsuite hostname="Admin" failures="0" tests="4" name="com.autotest.homework3.Exercise4" time="42.735" errors="0" timestamp="2024-07-28T16:21:38 ICT" skipped="0">
  <testcase classname="com.autotest.homework3.Exercise4" name="testValidateLogin" time="12.719"/>
  <testcase classname="com.autotest.homework3.Exercise4" name="testValidateLogin" time="12.379"/>
  <testcase classname="com.autotest.homework3.Exercise4" name="testValidateLogin" time="2.929"/>
  <testcase classname="com.autotest.homework3.Exercise4" name="testValidateLogin" time="14.708"/>
</testsuite> <!-- com.autotest.homework3.Exercise4 -->
