<?xml version="1.0" encoding="UTF-8"?>
<!-- Generated by org.testng.reporters.JUnitReportReporter -->
<testsuite hostname="Admin" failures="0" tests="4" name="com.autotest.homework3.Exercise4" time="41.593" errors="0" timestamp="2024-07-27T11:24:48 ICT" skipped="0">
  <testcase classname="com.autotest.homework3.Exercise4" name="testValidateLogin" time="2.410"/>
  <testcase classname="com.autotest.homework3.Exercise4" name="testValidateLogin" time="14.342"/>
  <testcase classname="com.autotest.homework3.Exercise4" name="testValidateLogin" time="12.394"/>
  <testcase classname="com.autotest.homework3.Exercise4" name="testValidateLogin" time="12.447"/>
</testsuite> <!-- com.autotest.homework3.Exercise4 -->
