<?xml version="1.0" encoding="UTF-8"?>
<!-- Generated by org.testng.reporters.JUnitReportReporter -->
<testsuite hostname="Admin" failures="0" tests="1" name="com.autotest.homework3.Exercise3" time="9.648" errors="0" timestamp="2024-07-27T12:27:38 ICT" skipped="0">
  <testcase classname="com.autotest.homework3.Exercise3" name="testLoginLogout" time="9.648"/>
</testsuite> <!-- com.autotest.homework3.Exercise3 -->
