<?xml version="1.0" encoding="UTF-8"?>
<!-- Generated by org.testng.reporters.JUnitReportReporter -->
<testsuite hostname="Admin" failures="0" tests="2" name="com.example.BrowserTest" time="4.118" errors="0" timestamp="2024-09-07T20:21:52 ICT" skipped="0">
  <testcase classname="com.example.BrowserTest" name="testTitle" time="1.380"/>
  <testcase classname="com.example.BrowserTest" name="testTitle" time="2.738"/>
</testsuite> <!-- com.example.BrowserTest -->
