<?xml version="1.0" encoding="UTF-8"?>
<!-- Generated by org.testng.reporters.JUnitReportReporter -->
<testsuite hostname="Admin" failures="0" tests="1" name="testng.Main" time="4.400" errors="0" timestamp="2024-07-21T15:25:28 ICT" skipped="0">
  <testcase classname="testng.Main" name="executeTest" time="4.400"/>
</testsuite> <!-- testng.Main -->
