<?xml version="1.0" encoding="UTF-8"?>
<!-- Generated by org.testng.reporters.JUnitReportReporter -->
<testsuite hostname="Admin" failures="0" tests="2" name="testng.Main" time="11.519" errors="0" timestamp="2024-07-21T16:22:44 ICT" skipped="0">
  <testcase classname="testng.Main" name="fileUploadTest" time="6.044"/>
  <testcase classname="testng.Main" name="executeTest" time="5.475"/>
</testsuite> <!-- testng.Main -->
