<?xml version="1.0" encoding="UTF-8"?>
<!-- Generated by org.testng.reporters.JUnitReportReporter -->
<testsuite hostname="Admin" failures="0" tests="1" name="testing.Exercise1" time="14.891" errors="0" timestamp="2024-07-22T15:46:33 ICT" skipped="0">
  <testcase classname="testing.Exercise1" name="executeTest" time="14.891"/>
</testsuite> <!-- testing.Exercise1 -->
